<?xml version="1.0" encoding="UTF-8"?>
<testsuites>
  <testsuite name="metadata" timestamp="2025-07-29T14:34:29Z" hostname="6628cd71ca8b" tests="20" skipped="0" failures="0" errors="0" time="8.901">
    <testcase time="0.317" classname="metadata" name="metadata_matches_radsl"/>
    <testcase time="0.312" classname="metadata" name="metadata_matches_radab"/>
    <testcase time="0.387" classname="metadata" name="metadata_matches_radae"/>
    <testcase time="0.374" classname="metadata" name="metadata_matches_radaette"/>
    <testcase time="0.285" classname="metadata" name="metadata_matches_radcm"/>
    <testcase time="0.217" classname="metadata" name="metadata_matches_raddv"/>
    <testcase time="0.693" classname="metadata" name="metadata_matches_radeg"/>
    <testcase time="0.649" classname="metadata" name="metadata_matches_radex"/>
    <testcase time="0.288" classname="metadata" name="metadata_matches_radhy"/>
    <testcase time="0.648" classname="metadata" name="metadata_matches_radlb"/>
    <testcase time="0.316" classname="metadata" name="metadata_matches_radmh"/>
    <testcase time="0.195" classname="metadata" name="metadata_matches_radpc"/>
    <testcase time="0.183" classname="metadata" name="metadata_matches_radpp"/>
    <testcase time="1.772" classname="metadata" name="metadata_matches_radqlqc"/>
    <testcase time="0.491" classname="metadata" name="metadata_matches_radqs"/>
    <testcase time="0.329" classname="metadata" name="metadata_matches_radrs"/>
    <testcase time="0.212000000000002" classname="metadata" name="metadata_matches_radsub"/>
    <testcase time="0.42" classname="metadata" name="metadata_matches_radtr"/>
    <testcase time="0.292" classname="metadata" name="metadata_matches_radtte"/>
    <testcase time="0.520999999999999" classname="metadata" name="metadata_matches_radvs"/>
  </testsuite>
  <testsuite name="radsl_alt_args" timestamp="2025-07-29T14:34:38Z" hostname="6628cd71ca8b" tests="2" skipped="0" failures="0" errors="0" time="1.665">
    <testcase time="0.861000000000001" classname="radsl_alt_args" name="radsl_produces_expected_values_with_change_of_sex_percentage"/>
    <testcase time="0.804" classname="radsl_alt_args" name="radsl_produces_expected_values_with_change_of_sex_percentage"/>
  </testsuite>
  <testsuite name="rdata" timestamp="2025-07-29T14:34:40Z" hostname="6628cd71ca8b" tests="44" skipped="0" failures="0" errors="0" time="11.14">
    <testcase time="0.200999999999999" classname="rdata" name="r_data_functions_work"/>
    <testcase time="0.227" classname="rdata" name="r_data_functions_work"/>
    <testcase time="0.224" classname="rdata" name="r_data_functions_work"/>
    <testcase time="0.131" classname="rdata" name="r_data_functions_work"/>
    <testcase time="0.0630000000000006" classname="rdata" name="r_data_functions_work"/>
    <testcase time="0.552999999999999" classname="rdata" name="r_data_functions_work"/>
    <testcase time="0.485000000000001" classname="rdata" name="r_data_functions_work"/>
    <testcase time="0.114999999999998" classname="rdata" name="r_data_functions_work"/>
    <testcase time="0.501000000000001" classname="rdata" name="r_data_functions_work"/>
    <testcase time="0.155999999999999" classname="rdata" name="r_data_functions_work"/>
    <testcase time="0.0370000000000008" classname="rdata" name="r_data_functions_work"/>
    <testcase time="0.0739999999999998" classname="rdata" name="r_data_functions_work"/>
    <testcase time="0.0280000000000005" classname="rdata" name="r_data_functions_work"/>
    <testcase time="1.699" classname="rdata" name="r_data_functions_work"/>
    <testcase time="0.321999999999999" classname="rdata" name="r_data_functions_work"/>
    <testcase time="0.132000000000001" classname="rdata" name="r_data_functions_work"/>
    <testcase time="0.219999999999999" classname="rdata" name="r_data_functions_work"/>
    <testcase time="0.0530000000000008" classname="rdata" name="r_data_functions_work"/>
    <testcase time="0.195" classname="rdata" name="r_data_functions_work"/>
    <testcase time="0.207999999999998" classname="rdata" name="r_data_functions_work"/>
    <testcase time="0.452000000000002" classname="rdata" name="r_data_functions_work"/>
    <testcase time="0.00799999999999912" classname="rdata" name="r_data_with_cached_TRUE"/>
    <testcase time="0.00499999999999901" classname="rdata" name="r_data_with_cached_TRUE"/>
    <testcase time="0.00500000000000256" classname="rdata" name="r_data_with_cached_TRUE"/>
    <testcase time="0.00499999999999901" classname="rdata" name="r_data_with_cached_TRUE"/>
    <testcase time="0.00199999999999889" classname="rdata" name="r_data_with_cached_TRUE"/>
    <testcase time="0.0229999999999997" classname="rdata" name="r_data_with_cached_TRUE"/>
    <testcase time="0.0100000000000016" classname="rdata" name="r_data_with_cached_TRUE"/>
    <testcase time="0.0189999999999984" classname="rdata" name="r_data_with_cached_TRUE"/>
    <testcase time="0.0130000000000017" classname="rdata" name="r_data_with_cached_TRUE"/>
    <testcase time="0.00399999999999778" classname="rdata" name="r_data_with_cached_TRUE"/>
    <testcase time="0.00900000000000034" classname="rdata" name="r_data_with_cached_TRUE"/>
    <testcase time="0.00200000000000244" classname="rdata" name="r_data_with_cached_TRUE"/>
    <testcase time="0.0789999999999971" classname="rdata" name="r_data_with_cached_TRUE"/>
    <testcase time="0.0160000000000018" classname="rdata" name="r_data_with_cached_TRUE"/>
    <testcase time="0.00499999999999901" classname="rdata" name="r_data_with_cached_TRUE"/>
    <testcase time="0.00400000000000134" classname="rdata" name="r_data_with_cached_TRUE"/>
    <testcase time="0.00499999999999901" classname="rdata" name="r_data_with_cached_TRUE"/>
    <testcase time="0.00400000000000134" classname="rdata" name="r_data_with_cached_TRUE"/>
    <testcase time="0.0210000000000008" classname="rdata" name="r_data_with_cached_TRUE"/>
    <testcase time="0.143999999999998" classname="rdata" name="seed_works"/>
    <testcase time="1.162" classname="rdata" name="radsl_works_with_large_N"/>
    <testcase time="0.00700000000000145" classname="rdata" name="radsl_has_no_LSTALVDT_greater_than_DTHDT"/>
    <testcase time="3.512" classname="rdata" name="radcm_works_with_who_coding_TRUE"/>
  </testsuite>
  <testsuite name="row_values" timestamp="2025-07-29T14:34:51Z" hostname="6628cd71ca8b" tests="21" skipped="21" failures="0" errors="0" time="8.773">
    <testcase time="0.414999999999999" classname="row_values" name="radsl_produces_expected_values">
      <skipped message="Reason: On CRAN ('test-row_values.R:9:3')"/>
    </testcase>
    <testcase time="0.378" classname="row_values" name="radae_produces_expected_values">
      <skipped message="Reason: On CRAN ('test-row_values.R:19:3')"/>
    </testcase>
    <testcase time="0.353999999999999" classname="row_values" name="radaette_produces_expected_values">
      <skipped message="Reason: On CRAN ('test-row_values.R:29:3')"/>
    </testcase>
    <testcase time="0.271000000000001" classname="row_values" name="radcm_produces_expected_values">
      <skipped message="Reason: On CRAN ('test-row_values.R:39:3')"/>
    </testcase>
    <testcase time="0.170000000000002" classname="row_values" name="raddv_produces_expected_values">
      <skipped message="Reason: On CRAN ('test-row_values.R:49:3')"/>
    </testcase>
    <testcase time="0.701999999999998" classname="row_values" name="radeg_produces_expected_values">
      <skipped message="Reason: On CRAN ('test-row_values.R:59:3')"/>
    </testcase>
    <testcase time="0.645" classname="row_values" name="radex_produces_expected_values">
      <skipped message="Reason: On CRAN ('test-row_values.R:69:3')"/>
    </testcase>
    <testcase time="0.257000000000001" classname="row_values" name="radhy_produces_expected_values">
      <skipped message="Reason: On CRAN ('test-row_values.R:79:3')"/>
    </testcase>
    <testcase time="0.687999999999999" classname="row_values" name="radlb_produces_expected_values">
      <skipped message="Reason: On CRAN ('test-row_values.R:89:3')"/>
    </testcase>
    <testcase time="0.272000000000002" classname="row_values" name="radmh_produces_expected_values">
      <skipped message="Reason: On CRAN ('test-row_values.R:99:3')"/>
    </testcase>
    <testcase time="0.140999999999998" classname="row_values" name="radpc_produces_expected_values">
      <skipped message="Reason: On CRAN ('test-row_values.R:107:3')"/>
    </testcase>
    <testcase time="0.129000000000001" classname="row_values" name="radab_produces_expected_values">
      <skipped message="Reason: On CRAN ('test-row_values.R:117:3')"/>
    </testcase>
    <testcase time="0.0489999999999995" classname="row_values" name="radpp_produces_expected_values">
      <skipped message="Reason: On CRAN ('test-row_values.R:127:3')"/>
    </testcase>
    <testcase time="1.856" classname="row_values" name="radqlqc_produces_expected_values">
      <skipped message="Reason: On CRAN ('test-row_values.R:137:3')"/>
    </testcase>
    <testcase time="0.482000000000003" classname="row_values" name="radqs_produces_expected_values">
      <skipped message="Reason: On CRAN ('test-row_values.R:147:3')"/>
    </testcase>
    <testcase time="0.245999999999999" classname="row_values" name="radrs_produces_expected_values">
      <skipped message="Reason: On CRAN ('test-row_values.R:157:3')"/>
    </testcase>
    <testcase time="0.355" classname="row_values" name="radsaftte_produces_expected_values">
      <skipped message="Reason: On CRAN ('test-row_values.R:167:3')"/>
    </testcase>
    <testcase time="0.164999999999999" classname="row_values" name="radsub_produces_expected_values">
      <skipped message="Reason: On CRAN ('test-row_values.R:177:3')"/>
    </testcase>
    <testcase time="0.233000000000001" classname="row_values" name="radtr_produces_expected_values">
      <skipped message="Reason: On CRAN ('test-row_values.R:187:3')"/>
    </testcase>
    <testcase time="0.324999999999999" classname="row_values" name="radtte_produces_expected_values">
      <skipped message="Reason: On CRAN ('test-row_values.R:197:3')"/>
    </testcase>
    <testcase time="0.640000000000001" classname="row_values" name="radvs_produces_expected_values">
      <skipped message="Reason: On CRAN ('test-row_values.R:207:3')"/>
    </testcase>
  </testsuite>
  <testsuite name="utils" timestamp="2025-07-29T14:35:00Z" hostname="6628cd71ca8b" tests="21" skipped="0" failures="0" errors="0" time="0.327">
    <testcase time="0.032" classname="utils" name="get_cached_data_returns_correct_error_message"/>
    <testcase time="0.0129999999999981" classname="utils" name="sample_fct_works_as_expected"/>
    <testcase time="0.00900000000000034" classname="utils" name="relvar_init_works_as_expected"/>
    <testcase time="0.00800000000000267" classname="utils" name="relvar_init_returns_correct_error_message"/>
    <testcase time="0.0069999999999979" classname="utils" name="rel_var_works_as_expected"/>
    <testcase time="0.00400000000000134" classname="utils" name="rel_var_works_as_expected"/>
    <testcase time="0.0069999999999979" classname="utils" name="visit_schedule_works_with_WEEK_visit_format"/>
    <testcase time="0.00600000000000023" classname="utils" name="visit_schedule_works_with_CycLe_visit_format"/>
    <testcase time="0.182000000000002" classname="utils" name="retain_works_as_expected"/>
    <testcase time="0.00600000000000023" classname="utils" name="rcd_var_relabel_works_as_expected"/>
    <testcase time="0.00799999999999912" classname="utils" name="rcd_var_relabel_returns_correct_error_message"/>
    <testcase time="0.00600000000000023" classname="utils" name="replace_na_works_as_expected"/>
    <testcase time="0.00300000000000011" classname="utils" name="replace_na_works_as_expected"/>
    <testcase time="0.00900000000000034" classname="utils" name="mutate_na_works_as_expected"/>
    <testcase time="0.00300000000000011" classname="utils" name="mutate_na_works_as_expected"/>
    <testcase time="0.00300000000000011" classname="utils" name="mutate_na_works_as_expected"/>
    <testcase time="0.00199999999999889" classname="utils" name="mutate_na_works_as_expected"/>
    <testcase time="0.00600000000000023" classname="utils" name="rtpois_works_as_expected"/>
    <testcase time="0.00600000000000023" classname="utils" name="rtexp_works_as_expected"/>
    <testcase time="0.00399999999999778" classname="utils" name="rtexp_works_as_expected"/>
    <testcase time="0.00300000000000011" classname="utils" name="rtexp_works_as_expected"/>
  </testsuite>
</testsuites>
