<?xml version="1.0" encoding="UTF-8"?>
<testsuites>
  <testsuite name="metadata" timestamp="2025-07-31T02:02:12Z" hostname="1f0acda593e0" tests="20" skipped="0" failures="0" errors="0" time="8.836">
    <testcase time="0.325" classname="metadata" name="metadata_matches_radsl"/>
    <testcase time="0.31" classname="metadata" name="metadata_matches_radab"/>
    <testcase time="0.384" classname="metadata" name="metadata_matches_radae"/>
    <testcase time="0.373" classname="metadata" name="metadata_matches_radaette"/>
    <testcase time="0.286" classname="metadata" name="metadata_matches_radcm"/>
    <testcase time="0.218" classname="metadata" name="metadata_matches_raddv"/>
    <testcase time="0.677" classname="metadata" name="metadata_matches_radeg"/>
    <testcase time="0.658" classname="metadata" name="metadata_matches_radex"/>
    <testcase time="0.281" classname="metadata" name="metadata_matches_radhy"/>
    <testcase time="0.643" classname="metadata" name="metadata_matches_radlb"/>
    <testcase time="0.312" classname="metadata" name="metadata_matches_radmh"/>
    <testcase time="0.204" classname="metadata" name="metadata_matches_radpc"/>
    <testcase time="0.184" classname="metadata" name="metadata_matches_radpp"/>
    <testcase time="1.733" classname="metadata" name="metadata_matches_radqlqc"/>
    <testcase time="0.477" classname="metadata" name="metadata_matches_radqs"/>
    <testcase time="0.319" classname="metadata" name="metadata_matches_radrs"/>
    <testcase time="0.212000000000001" classname="metadata" name="metadata_matches_radsub"/>
    <testcase time="0.424999999999999" classname="metadata" name="metadata_matches_radtr"/>
    <testcase time="0.291" classname="metadata" name="metadata_matches_radtte"/>
    <testcase time="0.524000000000001" classname="metadata" name="metadata_matches_radvs"/>
  </testsuite>
  <testsuite name="radsl_alt_args" timestamp="2025-07-31T02:02:21Z" hostname="1f0acda593e0" tests="2" skipped="0" failures="0" errors="0" time="1.652">
    <testcase time="0.856" classname="radsl_alt_args" name="radsl_produces_expected_values_with_change_of_sex_percentage"/>
    <testcase time="0.795999999999999" classname="radsl_alt_args" name="radsl_produces_expected_values_with_change_of_sex_percentage"/>
  </testsuite>
  <testsuite name="rdata" timestamp="2025-07-31T02:02:23Z" hostname="1f0acda593e0" tests="44" skipped="0" failures="0" errors="0" time="11.04">
    <testcase time="0.199999999999999" classname="rdata" name="r_data_functions_work"/>
    <testcase time="0.224" classname="rdata" name="r_data_functions_work"/>
    <testcase time="0.215" classname="rdata" name="r_data_functions_work"/>
    <testcase time="0.130000000000001" classname="rdata" name="r_data_functions_work"/>
    <testcase time="0.0630000000000006" classname="rdata" name="r_data_functions_work"/>
    <testcase time="0.538" classname="rdata" name="r_data_functions_work"/>
    <testcase time="0.479999999999999" classname="rdata" name="r_data_functions_work"/>
    <testcase time="0.113000000000001" classname="rdata" name="r_data_functions_work"/>
    <testcase time="0.491999999999999" classname="rdata" name="r_data_functions_work"/>
    <testcase time="0.151" classname="rdata" name="r_data_functions_work"/>
    <testcase time="0.0350000000000001" classname="rdata" name="r_data_functions_work"/>
    <testcase time="0.072000000000001" classname="rdata" name="r_data_functions_work"/>
    <testcase time="0.0279999999999987" classname="rdata" name="r_data_functions_work"/>
    <testcase time="1.692" classname="rdata" name="r_data_functions_work"/>
    <testcase time="0.323" classname="rdata" name="r_data_functions_work"/>
    <testcase time="0.130000000000001" classname="rdata" name="r_data_functions_work"/>
    <testcase time="0.215999999999999" classname="rdata" name="r_data_functions_work"/>
    <testcase time="0.0519999999999996" classname="rdata" name="r_data_functions_work"/>
    <testcase time="0.196999999999999" classname="rdata" name="r_data_functions_work"/>
    <testcase time="0.202999999999999" classname="rdata" name="r_data_functions_work"/>
    <testcase time="0.446000000000002" classname="rdata" name="r_data_functions_work"/>
    <testcase time="0.00799999999999912" classname="rdata" name="r_data_with_cached_TRUE"/>
    <testcase time="0.00500000000000256" classname="rdata" name="r_data_with_cached_TRUE"/>
    <testcase time="0.00499999999999901" classname="rdata" name="r_data_with_cached_TRUE"/>
    <testcase time="0.00499999999999901" classname="rdata" name="r_data_with_cached_TRUE"/>
    <testcase time="0.00600000000000023" classname="rdata" name="r_data_with_cached_TRUE"/>
    <testcase time="0.0199999999999996" classname="rdata" name="r_data_with_cached_TRUE"/>
    <testcase time="0.00900000000000034" classname="rdata" name="r_data_with_cached_TRUE"/>
    <testcase time="0.0190000000000019" classname="rdata" name="r_data_with_cached_TRUE"/>
    <testcase time="0.0129999999999981" classname="rdata" name="r_data_with_cached_TRUE"/>
    <testcase time="0.00400000000000134" classname="rdata" name="r_data_with_cached_TRUE"/>
    <testcase time="0.00799999999999912" classname="rdata" name="r_data_with_cached_TRUE"/>
    <testcase time="0.00199999999999889" classname="rdata" name="r_data_with_cached_TRUE"/>
    <testcase time="0.0730000000000004" classname="rdata" name="r_data_with_cached_TRUE"/>
    <testcase time="0.0160000000000018" classname="rdata" name="r_data_with_cached_TRUE"/>
    <testcase time="0.00499999999999901" classname="rdata" name="r_data_with_cached_TRUE"/>
    <testcase time="0.00400000000000134" classname="rdata" name="r_data_with_cached_TRUE"/>
    <testcase time="0.00499999999999901" classname="rdata" name="r_data_with_cached_TRUE"/>
    <testcase time="0.00399999999999778" classname="rdata" name="r_data_with_cached_TRUE"/>
    <testcase time="0.0210000000000008" classname="rdata" name="r_data_with_cached_TRUE"/>
    <testcase time="0.146000000000001" classname="rdata" name="seed_works"/>
    <testcase time="1.164" classname="rdata" name="radsl_works_with_large_N"/>
    <testcase time="0.00799999999999912" classname="rdata" name="radsl_has_no_LSTALVDT_greater_than_DTHDT"/>
    <testcase time="3.49" classname="rdata" name="radcm_works_with_who_coding_TRUE"/>
  </testsuite>
  <testsuite name="row_values" timestamp="2025-07-31T02:02:34Z" hostname="1f0acda593e0" tests="42" skipped="0" failures="0" errors="0" time="11.702">
    <testcase time="0.452000000000002" classname="row_values" name="radsl_produces_expected_values"/>
    <testcase time="0.114999999999998" classname="row_values" name="radsl_produces_expected_values"/>
    <testcase time="0.378" classname="row_values" name="radae_produces_expected_values"/>
    <testcase time="0.156000000000002" classname="row_values" name="radae_produces_expected_values"/>
    <testcase time="0.355999999999998" classname="row_values" name="radaette_produces_expected_values"/>
    <testcase time="0.123999999999999" classname="row_values" name="radaette_produces_expected_values"/>
    <testcase time="0.279000000000003" classname="row_values" name="radcm_produces_expected_values"/>
    <testcase time="0.145999999999997" classname="row_values" name="radcm_produces_expected_values"/>
    <testcase time="0.183" classname="row_values" name="raddv_produces_expected_values"/>
    <testcase time="0.117000000000001" classname="row_values" name="raddv_produces_expected_values"/>
    <testcase time="0.743000000000002" classname="row_values" name="radeg_produces_expected_values"/>
    <testcase time="0.161999999999999" classname="row_values" name="radeg_produces_expected_values"/>
    <testcase time="0.661999999999999" classname="row_values" name="radex_produces_expected_values"/>
    <testcase time="0.149000000000001" classname="row_values" name="radex_produces_expected_values"/>
    <testcase time="0.282999999999998" classname="row_values" name="radhy_produces_expected_values"/>
    <testcase time="0.138000000000002" classname="row_values" name="radhy_produces_expected_values"/>
    <testcase time="0.704000000000001" classname="row_values" name="radlb_produces_expected_values"/>
    <testcase time="0.186" classname="row_values" name="radlb_produces_expected_values"/>
    <testcase time="0.302" classname="row_values" name="radmh_produces_expected_values"/>
    <testcase time="0.129999999999999" classname="row_values" name="radmh_produces_expected_values"/>
    <testcase time="0.152000000000001" classname="row_values" name="radpc_produces_expected_values"/>
    <testcase time="0.138999999999999" classname="row_values" name="radpc_produces_expected_values"/>
    <testcase time="0.144000000000002" classname="row_values" name="radab_produces_expected_values"/>
    <testcase time="0.0579999999999998" classname="row_values" name="radab_produces_expected_values"/>
    <testcase time="0.0659999999999989" classname="row_values" name="radpp_produces_expected_values"/>
    <testcase time="0.0300000000000011" classname="row_values" name="radpp_produces_expected_values"/>
    <testcase time="1.887" classname="row_values" name="radqlqc_produces_expected_values"/>
    <testcase time="0.113000000000003" classname="row_values" name="radqlqc_produces_expected_values"/>
    <testcase time="0.587" classname="row_values" name="radqs_produces_expected_values"/>
    <testcase time="0.138999999999999" classname="row_values" name="radqs_produces_expected_values"/>
    <testcase time="0.256999999999998" classname="row_values" name="radrs_produces_expected_values"/>
    <testcase time="0.121000000000002" classname="row_values" name="radrs_produces_expected_values"/>
    <testcase time="0.344999999999999" classname="row_values" name="radsaftte_produces_expected_values"/>
    <testcase time="0.122999999999998" classname="row_values" name="radsaftte_produces_expected_values"/>
    <testcase time="0.168000000000006" classname="row_values" name="radsub_produces_expected_values"/>
    <testcase time="0.119" classname="row_values" name="radsub_produces_expected_values"/>
    <testcase time="0.229999999999997" classname="row_values" name="radtr_produces_expected_values"/>
    <testcase time="0.0290000000000035" classname="row_values" name="radtr_produces_expected_values"/>
    <testcase time="0.320999999999998" classname="row_values" name="radtte_produces_expected_values"/>
    <testcase time="0.123999999999995" classname="row_values" name="radtte_produces_expected_values"/>
    <testcase time="0.627000000000002" classname="row_values" name="radvs_produces_expected_values"/>
    <testcase time="0.158000000000001" classname="row_values" name="radvs_produces_expected_values"/>
  </testsuite>
  <testsuite name="utils" timestamp="2025-07-31T02:02:46Z" hostname="1f0acda593e0" tests="21" skipped="0" failures="0" errors="0" time="0.231">
    <testcase time="0.0230000000000032" classname="utils" name="get_cached_data_returns_correct_error_message"/>
    <testcase time="0.00599999999999312" classname="utils" name="sample_fct_works_as_expected"/>
    <testcase time="0.00600000000000023" classname="utils" name="relvar_init_works_as_expected"/>
    <testcase time="0.00800000000000267" classname="utils" name="relvar_init_returns_correct_error_message"/>
    <testcase time="0.0069999999999979" classname="utils" name="rel_var_works_as_expected"/>
    <testcase time="0.00300000000000011" classname="utils" name="rel_var_works_as_expected"/>
    <testcase time="0.007000000000005" classname="utils" name="visit_schedule_works_with_WEEK_visit_format"/>
    <testcase time="0.00600000000000023" classname="utils" name="visit_schedule_works_with_CycLe_visit_format"/>
    <testcase time="0.106999999999999" classname="utils" name="retain_works_as_expected"/>
    <testcase time="0.00600000000000023" classname="utils" name="rcd_var_relabel_works_as_expected"/>
    <testcase time="0.00799999999999557" classname="utils" name="rcd_var_relabel_returns_correct_error_message"/>
    <testcase time="0.00500000000000256" classname="utils" name="replace_na_works_as_expected"/>
    <testcase time="0.00300000000000011" classname="utils" name="replace_na_works_as_expected"/>
    <testcase time="0.00900000000000034" classname="utils" name="mutate_na_works_as_expected"/>
    <testcase time="0.00300000000000011" classname="utils" name="mutate_na_works_as_expected"/>
    <testcase time="0.00300000000000011" classname="utils" name="mutate_na_works_as_expected"/>
    <testcase time="0.00199999999999534" classname="utils" name="mutate_na_works_as_expected"/>
    <testcase time="0.00600000000000023" classname="utils" name="rtpois_works_as_expected"/>
    <testcase time="0.00600000000000023" classname="utils" name="rtexp_works_as_expected"/>
    <testcase time="0.00400000000000489" classname="utils" name="rtexp_works_as_expected"/>
    <testcase time="0.00300000000000011" classname="utils" name="rtexp_works_as_expected"/>
  </testsuite>
</testsuites>
