<?xml version="1.0" encoding="UTF-8"?>
<testsuites>
  <testsuite name="metadata" timestamp="2025-07-31T02:02:50Z" hostname="1b9d9b3f02f3" tests="20" skipped="0" failures="0" errors="0" time="9.161">
    <testcase time="0.327" classname="metadata" name="metadata_matches_radsl"/>
    <testcase time="0.328" classname="metadata" name="metadata_matches_radab"/>
    <testcase time="0.399" classname="metadata" name="metadata_matches_radae"/>
    <testcase time="0.395" classname="metadata" name="metadata_matches_radaette"/>
    <testcase time="0.294" classname="metadata" name="metadata_matches_radcm"/>
    <testcase time="0.227" classname="metadata" name="metadata_matches_raddv"/>
    <testcase time="0.699" classname="metadata" name="metadata_matches_radeg"/>
    <testcase time="0.678" classname="metadata" name="metadata_matches_radex"/>
    <testcase time="0.286" classname="metadata" name="metadata_matches_radhy"/>
    <testcase time="0.658" classname="metadata" name="metadata_matches_radlb"/>
    <testcase time="0.323" classname="metadata" name="metadata_matches_radmh"/>
    <testcase time="0.204" classname="metadata" name="metadata_matches_radpc"/>
    <testcase time="0.193" classname="metadata" name="metadata_matches_radpp"/>
    <testcase time="1.8" classname="metadata" name="metadata_matches_radqlqc"/>
    <testcase time="0.49" classname="metadata" name="metadata_matches_radqs"/>
    <testcase time="0.343" classname="metadata" name="metadata_matches_radrs"/>
    <testcase time="0.226000000000001" classname="metadata" name="metadata_matches_radsub"/>
    <testcase time="0.458" classname="metadata" name="metadata_matches_radtr"/>
    <testcase time="0.302999999999999" classname="metadata" name="metadata_matches_radtte"/>
    <testcase time="0.529999999999999" classname="metadata" name="metadata_matches_radvs"/>
  </testsuite>
  <testsuite name="radsl_alt_args" timestamp="2025-07-31T02:02:59Z" hostname="1b9d9b3f02f3" tests="2" skipped="0" failures="0" errors="0" time="1.759">
    <testcase time="0.908000000000001" classname="radsl_alt_args" name="radsl_produces_expected_values_with_change_of_sex_percentage"/>
    <testcase time="0.850999999999999" classname="radsl_alt_args" name="radsl_produces_expected_values_with_change_of_sex_percentage"/>
  </testsuite>
  <testsuite name="rdata" timestamp="2025-07-31T02:03:01Z" hostname="1b9d9b3f02f3" tests="44" skipped="0" failures="0" errors="0" time="11.74">
    <testcase time="0.225000000000001" classname="rdata" name="r_data_functions_work"/>
    <testcase time="0.235999999999999" classname="rdata" name="r_data_functions_work"/>
    <testcase time="0.234999999999999" classname="rdata" name="r_data_functions_work"/>
    <testcase time="0.138000000000002" classname="rdata" name="r_data_functions_work"/>
    <testcase time="0.0669999999999984" classname="rdata" name="r_data_functions_work"/>
    <testcase time="0.571000000000002" classname="rdata" name="r_data_functions_work"/>
    <testcase time="0.519" classname="rdata" name="r_data_functions_work"/>
    <testcase time="0.119" classname="rdata" name="r_data_functions_work"/>
    <testcase time="0.527999999999999" classname="rdata" name="r_data_functions_work"/>
    <testcase time="0.161999999999999" classname="rdata" name="r_data_functions_work"/>
    <testcase time="0.0400000000000009" classname="rdata" name="r_data_functions_work"/>
    <testcase time="0.081999999999999" classname="rdata" name="r_data_functions_work"/>
    <testcase time="0.0330000000000013" classname="rdata" name="r_data_functions_work"/>
    <testcase time="1.816" classname="rdata" name="r_data_functions_work"/>
    <testcase time="0.344000000000001" classname="rdata" name="r_data_functions_work"/>
    <testcase time="0.154999999999998" classname="rdata" name="r_data_functions_work"/>
    <testcase time="0.246000000000002" classname="rdata" name="r_data_functions_work"/>
    <testcase time="0.0569999999999986" classname="rdata" name="r_data_functions_work"/>
    <testcase time="0.219000000000001" classname="rdata" name="r_data_functions_work"/>
    <testcase time="0.228999999999999" classname="rdata" name="r_data_functions_work"/>
    <testcase time="0.472999999999999" classname="rdata" name="r_data_functions_work"/>
    <testcase time="0.0100000000000016" classname="rdata" name="r_data_with_cached_TRUE"/>
    <testcase time="0.00499999999999901" classname="rdata" name="r_data_with_cached_TRUE"/>
    <testcase time="0.00999999999999801" classname="rdata" name="r_data_with_cached_TRUE"/>
    <testcase time="0.00700000000000145" classname="rdata" name="r_data_with_cached_TRUE"/>
    <testcase time="0.00300000000000011" classname="rdata" name="r_data_with_cached_TRUE"/>
    <testcase time="0.0199999999999996" classname="rdata" name="r_data_with_cached_TRUE"/>
    <testcase time="0.0100000000000016" classname="rdata" name="r_data_with_cached_TRUE"/>
    <testcase time="0.0189999999999984" classname="rdata" name="r_data_with_cached_TRUE"/>
    <testcase time="0.0139999999999993" classname="rdata" name="r_data_with_cached_TRUE"/>
    <testcase time="0.00500000000000256" classname="rdata" name="r_data_with_cached_TRUE"/>
    <testcase time="0.00999999999999801" classname="rdata" name="r_data_with_cached_TRUE"/>
    <testcase time="0.00199999999999889" classname="rdata" name="r_data_with_cached_TRUE"/>
    <testcase time="0.0760000000000005" classname="rdata" name="r_data_with_cached_TRUE"/>
    <testcase time="0.0199999999999996" classname="rdata" name="r_data_with_cached_TRUE"/>
    <testcase time="0.00600000000000023" classname="rdata" name="r_data_with_cached_TRUE"/>
    <testcase time="0.00400000000000134" classname="rdata" name="r_data_with_cached_TRUE"/>
    <testcase time="0.00600000000000023" classname="rdata" name="r_data_with_cached_TRUE"/>
    <testcase time="0.00400000000000134" classname="rdata" name="r_data_with_cached_TRUE"/>
    <testcase time="0.0210000000000008" classname="rdata" name="r_data_with_cached_TRUE"/>
    <testcase time="0.157999999999998" classname="rdata" name="seed_works"/>
    <testcase time="1.259" classname="rdata" name="radsl_works_with_large_N"/>
    <testcase time="0.00799999999999912" classname="rdata" name="radsl_has_no_LSTALVDT_greater_than_DTHDT"/>
    <testcase time="3.569" classname="rdata" name="radcm_works_with_who_coding_TRUE"/>
  </testsuite>
  <testsuite name="row_values" timestamp="2025-07-31T02:03:13Z" hostname="1b9d9b3f02f3" tests="21" skipped="21" failures="0" errors="0" time="9.311">
    <testcase time="0.446999999999999" classname="row_values" name="radsl_produces_expected_values">
      <skipped message="Reason: On CRAN ('test-row_values.R:9:3')"/>
    </testcase>
    <testcase time="0.396000000000001" classname="row_values" name="radae_produces_expected_values">
      <skipped message="Reason: On CRAN ('test-row_values.R:19:3')"/>
    </testcase>
    <testcase time="0.370000000000001" classname="row_values" name="radaette_produces_expected_values">
      <skipped message="Reason: On CRAN ('test-row_values.R:29:3')"/>
    </testcase>
    <testcase time="0.279" classname="row_values" name="radcm_produces_expected_values">
      <skipped message="Reason: On CRAN ('test-row_values.R:39:3')"/>
    </testcase>
    <testcase time="0.175000000000001" classname="row_values" name="raddv_produces_expected_values">
      <skipped message="Reason: On CRAN ('test-row_values.R:49:3')"/>
    </testcase>
    <testcase time="0.73" classname="row_values" name="radeg_produces_expected_values">
      <skipped message="Reason: On CRAN ('test-row_values.R:59:3')"/>
    </testcase>
    <testcase time="0.696999999999999" classname="row_values" name="radex_produces_expected_values">
      <skipped message="Reason: On CRAN ('test-row_values.R:69:3')"/>
    </testcase>
    <testcase time="0.271999999999998" classname="row_values" name="radhy_produces_expected_values">
      <skipped message="Reason: On CRAN ('test-row_values.R:79:3')"/>
    </testcase>
    <testcase time="0.719000000000001" classname="row_values" name="radlb_produces_expected_values">
      <skipped message="Reason: On CRAN ('test-row_values.R:89:3')"/>
    </testcase>
    <testcase time="0.285999999999998" classname="row_values" name="radmh_produces_expected_values">
      <skipped message="Reason: On CRAN ('test-row_values.R:99:3')"/>
    </testcase>
    <testcase time="0.149000000000001" classname="row_values" name="radpc_produces_expected_values">
      <skipped message="Reason: On CRAN ('test-row_values.R:107:3')"/>
    </testcase>
    <testcase time="0.141000000000002" classname="row_values" name="radab_produces_expected_values">
      <skipped message="Reason: On CRAN ('test-row_values.R:117:3')"/>
    </testcase>
    <testcase time="0.0519999999999996" classname="row_values" name="radpp_produces_expected_values">
      <skipped message="Reason: On CRAN ('test-row_values.R:127:3')"/>
    </testcase>
    <testcase time="1.94" classname="row_values" name="radqlqc_produces_expected_values">
      <skipped message="Reason: On CRAN ('test-row_values.R:137:3')"/>
    </testcase>
    <testcase time="0.497" classname="row_values" name="radqs_produces_expected_values">
      <skipped message="Reason: On CRAN ('test-row_values.R:147:3')"/>
    </testcase>
    <testcase time="0.268999999999998" classname="row_values" name="radrs_produces_expected_values">
      <skipped message="Reason: On CRAN ('test-row_values.R:157:3')"/>
    </testcase>
    <testcase time="0.379000000000001" classname="row_values" name="radsaftte_produces_expected_values">
      <skipped message="Reason: On CRAN ('test-row_values.R:167:3')"/>
    </testcase>
    <testcase time="0.172999999999998" classname="row_values" name="radsub_produces_expected_values">
      <skipped message="Reason: On CRAN ('test-row_values.R:177:3')"/>
    </testcase>
    <testcase time="0.244" classname="row_values" name="radtr_produces_expected_values">
      <skipped message="Reason: On CRAN ('test-row_values.R:187:3')"/>
    </testcase>
    <testcase time="0.350999999999999" classname="row_values" name="radtte_produces_expected_values">
      <skipped message="Reason: On CRAN ('test-row_values.R:197:3')"/>
    </testcase>
    <testcase time="0.745000000000005" classname="row_values" name="radvs_produces_expected_values">
      <skipped message="Reason: On CRAN ('test-row_values.R:207:3')"/>
    </testcase>
  </testsuite>
  <testsuite name="utils" timestamp="2025-07-31T02:03:22Z" hostname="1b9d9b3f02f3" tests="21" skipped="0" failures="0" errors="0" time="0.239">
    <testcase time="0.0339999999999989" classname="utils" name="get_cached_data_returns_correct_error_message"/>
    <testcase time="0.00600000000000023" classname="utils" name="sample_fct_works_as_expected"/>
    <testcase time="0.00600000000000023" classname="utils" name="relvar_init_works_as_expected"/>
    <testcase time="0.00799999999999557" classname="utils" name="relvar_init_returns_correct_error_message"/>
    <testcase time="0.00800000000000267" classname="utils" name="rel_var_works_as_expected"/>
    <testcase time="0.00300000000000011" classname="utils" name="rel_var_works_as_expected"/>
    <testcase time="0.0129999999999981" classname="utils" name="visit_schedule_works_with_WEEK_visit_format"/>
    <testcase time="0.0069999999999979" classname="utils" name="visit_schedule_works_with_CycLe_visit_format"/>
    <testcase time="0.0910000000000011" classname="utils" name="retain_works_as_expected"/>
    <testcase time="0.007000000000005" classname="utils" name="rcd_var_relabel_works_as_expected"/>
    <testcase time="0.00900000000000034" classname="utils" name="rcd_var_relabel_returns_correct_error_message"/>
    <testcase time="0.00600000000000023" classname="utils" name="replace_na_works_as_expected"/>
    <testcase time="0.00300000000000011" classname="utils" name="replace_na_works_as_expected"/>
    <testcase time="0.00999999999999801" classname="utils" name="mutate_na_works_as_expected"/>
    <testcase time="0.00300000000000011" classname="utils" name="mutate_na_works_as_expected"/>
    <testcase time="0.00300000000000011" classname="utils" name="mutate_na_works_as_expected"/>
    <testcase time="0.00199999999999534" classname="utils" name="mutate_na_works_as_expected"/>
    <testcase time="0.00600000000000023" classname="utils" name="rtpois_works_as_expected"/>
    <testcase time="0.007000000000005" classname="utils" name="rtexp_works_as_expected"/>
    <testcase time="0.00399999999999778" classname="utils" name="rtexp_works_as_expected"/>
    <testcase time="0.00300000000000011" classname="utils" name="rtexp_works_as_expected"/>
  </testsuite>
</testsuites>
