<?xml version="1.0" encoding="UTF-8"?>
<testsuites>
  <testsuite name="metadata" timestamp="2025-07-16T16:48:20Z" hostname="cf8e69860a30" tests="20" skipped="0" failures="0" errors="0" time="8.523">
    <testcase time="0.3" classname="metadata" name="metadata_matches_radsl"/>
    <testcase time="0.304" classname="metadata" name="metadata_matches_radab"/>
    <testcase time="0.374" classname="metadata" name="metadata_matches_radae"/>
    <testcase time="0.364" classname="metadata" name="metadata_matches_radaette"/>
    <testcase time="0.278" classname="metadata" name="metadata_matches_radcm"/>
    <testcase time="0.214" classname="metadata" name="metadata_matches_raddv"/>
    <testcase time="0.67" classname="metadata" name="metadata_matches_radeg"/>
    <testcase time="0.629" classname="metadata" name="metadata_matches_radex"/>
    <testcase time="0.263" classname="metadata" name="metadata_matches_radhy"/>
    <testcase time="0.609" classname="metadata" name="metadata_matches_radlb"/>
    <testcase time="0.303" classname="metadata" name="metadata_matches_radmh"/>
    <testcase time="0.188000000000001" classname="metadata" name="metadata_matches_radpc"/>
    <testcase time="0.172" classname="metadata" name="metadata_matches_radpp"/>
    <testcase time="1.683" classname="metadata" name="metadata_matches_radqlqc"/>
    <testcase time="0.46" classname="metadata" name="metadata_matches_radqs"/>
    <testcase time="0.305000000000001" classname="metadata" name="metadata_matches_radrs"/>
    <testcase time="0.204" classname="metadata" name="metadata_matches_radsub"/>
    <testcase time="0.412999999999999" classname="metadata" name="metadata_matches_radtr"/>
    <testcase time="0.282" classname="metadata" name="metadata_matches_radtte"/>
    <testcase time="0.508000000000001" classname="metadata" name="metadata_matches_radvs"/>
  </testsuite>
  <testsuite name="rdata" timestamp="2025-07-16T16:48:28Z" hostname="cf8e69860a30" tests="44" skipped="0" failures="0" errors="0" time="10.712">
    <testcase time="0.0960000000000001" classname="rdata" name="r_data_functions_work"/>
    <testcase time="0.211" classname="rdata" name="r_data_functions_work"/>
    <testcase time="0.216999999999999" classname="rdata" name="r_data_functions_work"/>
    <testcase time="0.130000000000001" classname="rdata" name="r_data_functions_work"/>
    <testcase time="0.0630000000000006" classname="rdata" name="r_data_functions_work"/>
    <testcase time="0.532" classname="rdata" name="r_data_functions_work"/>
    <testcase time="0.473999999999998" classname="rdata" name="r_data_functions_work"/>
    <testcase time="0.115" classname="rdata" name="r_data_functions_work"/>
    <testcase time="0.484" classname="rdata" name="r_data_functions_work"/>
    <testcase time="0.161000000000001" classname="rdata" name="r_data_functions_work"/>
    <testcase time="0.0399999999999991" classname="rdata" name="r_data_functions_work"/>
    <testcase time="0.0719999999999992" classname="rdata" name="r_data_functions_work"/>
    <testcase time="0.0290000000000017" classname="rdata" name="r_data_functions_work"/>
    <testcase time="1.58" classname="rdata" name="r_data_functions_work"/>
    <testcase time="0.319999999999999" classname="rdata" name="r_data_functions_work"/>
    <testcase time="0.132000000000001" classname="rdata" name="r_data_functions_work"/>
    <testcase time="0.213999999999999" classname="rdata" name="r_data_functions_work"/>
    <testcase time="0.0520000000000014" classname="rdata" name="r_data_functions_work"/>
    <testcase time="0.196" classname="rdata" name="r_data_functions_work"/>
    <testcase time="0.200999999999999" classname="rdata" name="r_data_functions_work"/>
    <testcase time="0.440000000000001" classname="rdata" name="r_data_functions_work"/>
    <testcase time="0.00799999999999912" classname="rdata" name="r_data_with_cached_TRUE"/>
    <testcase time="0.00500000000000078" classname="rdata" name="r_data_with_cached_TRUE"/>
    <testcase time="0.00499999999999901" classname="rdata" name="r_data_with_cached_TRUE"/>
    <testcase time="0.00600000000000023" classname="rdata" name="r_data_with_cached_TRUE"/>
    <testcase time="0.00200000000000067" classname="rdata" name="r_data_with_cached_TRUE"/>
    <testcase time="0.020999999999999" classname="rdata" name="r_data_with_cached_TRUE"/>
    <testcase time="0.0120000000000005" classname="rdata" name="r_data_with_cached_TRUE"/>
    <testcase time="0.0240000000000009" classname="rdata" name="r_data_with_cached_TRUE"/>
    <testcase time="0.016" classname="rdata" name="r_data_with_cached_TRUE"/>
    <testcase time="0.00499999999999901" classname="rdata" name="r_data_with_cached_TRUE"/>
    <testcase time="0.0120000000000005" classname="rdata" name="r_data_with_cached_TRUE"/>
    <testcase time="0.00200000000000067" classname="rdata" name="r_data_with_cached_TRUE"/>
    <testcase time="0.0809999999999995" classname="rdata" name="r_data_with_cached_TRUE"/>
    <testcase time="0.0179999999999989" classname="rdata" name="r_data_with_cached_TRUE"/>
    <testcase time="0.00500000000000078" classname="rdata" name="r_data_with_cached_TRUE"/>
    <testcase time="0.00500000000000078" classname="rdata" name="r_data_with_cached_TRUE"/>
    <testcase time="0.00799999999999912" classname="rdata" name="r_data_with_cached_TRUE"/>
    <testcase time="0.00500000000000078" classname="rdata" name="r_data_with_cached_TRUE"/>
    <testcase time="0.0249999999999986" classname="rdata" name="r_data_with_cached_TRUE"/>
    <testcase time="0.16" classname="rdata" name="seed_works"/>
    <testcase time="1.214" classname="rdata" name="radsl_works_with_large_N"/>
    <testcase time="0.00700000000000145" classname="rdata" name="radsl_has_no_LSTALVDT_greater_than_DTHDT"/>
    <testcase time="3.307" classname="rdata" name="radcm_works_with_who_coding_TRUE"/>
  </testsuite>
  <testsuite name="row_values" timestamp="2025-07-16T16:48:39Z" hostname="cf8e69860a30" tests="21" skipped="21" failures="0" errors="0" time="8.588">
    <testcase time="0.376999999999999" classname="row_values" name="radsl_produces_expected_values">
      <skipped message="Reason: On CRAN ('test-row_values.R:9:3')"/>
    </testcase>
    <testcase time="0.384" classname="row_values" name="radae_produces_expected_values">
      <skipped message="Reason: On CRAN ('test-row_values.R:19:3')"/>
    </testcase>
    <testcase time="0.341000000000001" classname="row_values" name="radaette_produces_expected_values">
      <skipped message="Reason: On CRAN ('test-row_values.R:29:3')"/>
    </testcase>
    <testcase time="0.259" classname="row_values" name="radcm_produces_expected_values">
      <skipped message="Reason: On CRAN ('test-row_values.R:39:3')"/>
    </testcase>
    <testcase time="0.169999999999998" classname="row_values" name="raddv_produces_expected_values">
      <skipped message="Reason: On CRAN ('test-row_values.R:49:3')"/>
    </testcase>
    <testcase time="0.687000000000001" classname="row_values" name="radeg_produces_expected_values">
      <skipped message="Reason: On CRAN ('test-row_values.R:59:3')"/>
    </testcase>
    <testcase time="0.623999999999999" classname="row_values" name="radex_produces_expected_values">
      <skipped message="Reason: On CRAN ('test-row_values.R:69:3')"/>
    </testcase>
    <testcase time="0.261000000000003" classname="row_values" name="radhy_produces_expected_values">
      <skipped message="Reason: On CRAN ('test-row_values.R:79:3')"/>
    </testcase>
    <testcase time="0.677" classname="row_values" name="radlb_produces_expected_values">
      <skipped message="Reason: On CRAN ('test-row_values.R:89:3')"/>
    </testcase>
    <testcase time="0.271999999999998" classname="row_values" name="radmh_produces_expected_values">
      <skipped message="Reason: On CRAN ('test-row_values.R:99:3')"/>
    </testcase>
    <testcase time="0.138999999999999" classname="row_values" name="radpc_produces_expected_values">
      <skipped message="Reason: On CRAN ('test-row_values.R:107:3')"/>
    </testcase>
    <testcase time="0.129000000000001" classname="row_values" name="radab_produces_expected_values">
      <skipped message="Reason: On CRAN ('test-row_values.R:117:3')"/>
    </testcase>
    <testcase time="0.0620000000000012" classname="row_values" name="radpp_produces_expected_values">
      <skipped message="Reason: On CRAN ('test-row_values.R:127:3')"/>
    </testcase>
    <testcase time="1.846" classname="row_values" name="radqlqc_produces_expected_values">
      <skipped message="Reason: On CRAN ('test-row_values.R:137:3')"/>
    </testcase>
    <testcase time="0.457999999999998" classname="row_values" name="radqs_produces_expected_values">
      <skipped message="Reason: On CRAN ('test-row_values.R:147:3')"/>
    </testcase>
    <testcase time="0.247" classname="row_values" name="radrs_produces_expected_values">
      <skipped message="Reason: On CRAN ('test-row_values.R:157:3')"/>
    </testcase>
    <testcase time="0.330000000000002" classname="row_values" name="radsaftte_produces_expected_values">
      <skipped message="Reason: On CRAN ('test-row_values.R:167:3')"/>
    </testcase>
    <testcase time="0.161999999999999" classname="row_values" name="radsub_produces_expected_values">
      <skipped message="Reason: On CRAN ('test-row_values.R:177:3')"/>
    </testcase>
    <testcase time="0.227" classname="row_values" name="radtr_produces_expected_values">
      <skipped message="Reason: On CRAN ('test-row_values.R:187:3')"/>
    </testcase>
    <testcase time="0.32" classname="row_values" name="radtte_produces_expected_values">
      <skipped message="Reason: On CRAN ('test-row_values.R:197:3')"/>
    </testcase>
    <testcase time="0.616" classname="row_values" name="radvs_produces_expected_values">
      <skipped message="Reason: On CRAN ('test-row_values.R:207:3')"/>
    </testcase>
  </testsuite>
  <testsuite name="utils" timestamp="2025-07-16T16:48:47Z" hostname="cf8e69860a30" tests="21" skipped="0" failures="0" errors="0" time="0.229">
    <testcase time="0.0380000000000003" classname="utils" name="get_cached_data_returns_correct_error_message"/>
    <testcase time="0.00600000000000023" classname="utils" name="sample_fct_works_as_expected"/>
    <testcase time="0.00600000000000023" classname="utils" name="relvar_init_works_as_expected"/>
    <testcase time="0.0069999999999979" classname="utils" name="relvar_init_returns_correct_error_message"/>
    <testcase time="0.00700000000000145" classname="utils" name="rel_var_works_as_expected"/>
    <testcase time="0.00300000000000011" classname="utils" name="rel_var_works_as_expected"/>
    <testcase time="0.00600000000000023" classname="utils" name="visit_schedule_works_with_WEEK_visit_format"/>
    <testcase time="0.00600000000000023" classname="utils" name="visit_schedule_works_with_CycLe_visit_format"/>
    <testcase time="0.0920000000000023" classname="utils" name="retain_works_as_expected"/>
    <testcase time="0.0069999999999979" classname="utils" name="rcd_var_relabel_works_as_expected"/>
    <testcase time="0.00700000000000145" classname="utils" name="rcd_var_relabel_returns_correct_error_message"/>
    <testcase time="0.00600000000000023" classname="utils" name="replace_na_works_as_expected"/>
    <testcase time="0.00300000000000011" classname="utils" name="replace_na_works_as_expected"/>
    <testcase time="0.00900000000000034" classname="utils" name="mutate_na_works_as_expected"/>
    <testcase time="0.00199999999999889" classname="utils" name="mutate_na_works_as_expected"/>
    <testcase time="0.00300000000000011" classname="utils" name="mutate_na_works_as_expected"/>
    <testcase time="0.00300000000000011" classname="utils" name="mutate_na_works_as_expected"/>
    <testcase time="0.00499999999999901" classname="utils" name="rtpois_works_as_expected"/>
    <testcase time="0.00700000000000145" classname="utils" name="rtexp_works_as_expected"/>
    <testcase time="0.00300000000000011" classname="utils" name="rtexp_works_as_expected"/>
    <testcase time="0.00300000000000011" classname="utils" name="rtexp_works_as_expected"/>
  </testsuite>
</testsuites>
