<?xml version="1.0" encoding="UTF-8"?>
<testsuites>
  <testsuite name="metadata" timestamp="2025-07-31T01:44:03Z" hostname="7c393afde322" tests="20" skipped="0" failures="0" errors="0" time="8.815">
    <testcase time="0.319" classname="metadata" name="metadata_matches_radsl"/>
    <testcase time="0.316" classname="metadata" name="metadata_matches_radab"/>
    <testcase time="0.409" classname="metadata" name="metadata_matches_radae"/>
    <testcase time="0.385" classname="metadata" name="metadata_matches_radaette"/>
    <testcase time="0.291" classname="metadata" name="metadata_matches_radcm"/>
    <testcase time="0.227" classname="metadata" name="metadata_matches_raddv"/>
    <testcase time="0.686" classname="metadata" name="metadata_matches_radeg"/>
    <testcase time="0.657" classname="metadata" name="metadata_matches_radex"/>
    <testcase time="0.273" classname="metadata" name="metadata_matches_radhy"/>
    <testcase time="0.627" classname="metadata" name="metadata_matches_radlb"/>
    <testcase time="0.309" classname="metadata" name="metadata_matches_radmh"/>
    <testcase time="0.194" classname="metadata" name="metadata_matches_radpc"/>
    <testcase time="0.182" classname="metadata" name="metadata_matches_radpp"/>
    <testcase time="1.705" classname="metadata" name="metadata_matches_radqlqc"/>
    <testcase time="0.486" classname="metadata" name="metadata_matches_radqs"/>
    <testcase time="0.314" classname="metadata" name="metadata_matches_radrs"/>
    <testcase time="0.213" classname="metadata" name="metadata_matches_radsub"/>
    <testcase time="0.417" classname="metadata" name="metadata_matches_radtr"/>
    <testcase time="0.289999999999999" classname="metadata" name="metadata_matches_radtte"/>
    <testcase time="0.515000000000001" classname="metadata" name="metadata_matches_radvs"/>
  </testsuite>
  <testsuite name="radsl_alt_args" timestamp="2025-07-31T01:44:12Z" hostname="7c393afde322" tests="2" skipped="0" failures="0" errors="0" time="1.619">
    <testcase time="0.832000000000001" classname="radsl_alt_args" name="radsl_produces_expected_values_with_change_of_sex_percentage"/>
    <testcase time="0.786999999999999" classname="radsl_alt_args" name="radsl_produces_expected_values_with_change_of_sex_percentage"/>
  </testsuite>
  <testsuite name="rdata" timestamp="2025-07-31T01:44:13Z" hostname="7c393afde322" tests="44" skipped="0" failures="0" errors="0" time="10.946">
    <testcase time="0.201000000000001" classname="rdata" name="r_data_functions_work"/>
    <testcase time="0.221" classname="rdata" name="r_data_functions_work"/>
    <testcase time="0.214" classname="rdata" name="r_data_functions_work"/>
    <testcase time="0.127000000000001" classname="rdata" name="r_data_functions_work"/>
    <testcase time="0.0619999999999994" classname="rdata" name="r_data_functions_work"/>
    <testcase time="0.539999999999999" classname="rdata" name="r_data_functions_work"/>
    <testcase time="0.470000000000001" classname="rdata" name="r_data_functions_work"/>
    <testcase time="0.112" classname="rdata" name="r_data_functions_work"/>
    <testcase time="0.509" classname="rdata" name="r_data_functions_work"/>
    <testcase time="0.156000000000001" classname="rdata" name="r_data_functions_work"/>
    <testcase time="0.0359999999999996" classname="rdata" name="r_data_functions_work"/>
    <testcase time="0.0709999999999997" classname="rdata" name="r_data_functions_work"/>
    <testcase time="0.027000000000001" classname="rdata" name="r_data_functions_work"/>
    <testcase time="1.654" classname="rdata" name="r_data_functions_work"/>
    <testcase time="0.317" classname="rdata" name="r_data_functions_work"/>
    <testcase time="0.129" classname="rdata" name="r_data_functions_work"/>
    <testcase time="0.213000000000001" classname="rdata" name="r_data_functions_work"/>
    <testcase time="0.0509999999999984" classname="rdata" name="r_data_functions_work"/>
    <testcase time="0.192" classname="rdata" name="r_data_functions_work"/>
    <testcase time="0.205000000000002" classname="rdata" name="r_data_functions_work"/>
    <testcase time="0.436" classname="rdata" name="r_data_functions_work"/>
    <testcase time="0.00799999999999912" classname="rdata" name="r_data_with_cached_TRUE"/>
    <testcase time="0.00499999999999901" classname="rdata" name="r_data_with_cached_TRUE"/>
    <testcase time="0.00499999999999901" classname="rdata" name="r_data_with_cached_TRUE"/>
    <testcase time="0.00500000000000256" classname="rdata" name="r_data_with_cached_TRUE"/>
    <testcase time="0.00600000000000023" classname="rdata" name="r_data_with_cached_TRUE"/>
    <testcase time="0.0189999999999984" classname="rdata" name="r_data_with_cached_TRUE"/>
    <testcase time="0.00900000000000034" classname="rdata" name="r_data_with_cached_TRUE"/>
    <testcase time="0.0189999999999984" classname="rdata" name="r_data_with_cached_TRUE"/>
    <testcase time="0.0120000000000005" classname="rdata" name="r_data_with_cached_TRUE"/>
    <testcase time="0.00400000000000134" classname="rdata" name="r_data_with_cached_TRUE"/>
    <testcase time="0.00900000000000034" classname="rdata" name="r_data_with_cached_TRUE"/>
    <testcase time="0.000999999999997669" classname="rdata" name="r_data_with_cached_TRUE"/>
    <testcase time="0.078000000000003" classname="rdata" name="r_data_with_cached_TRUE"/>
    <testcase time="0.0159999999999982" classname="rdata" name="r_data_with_cached_TRUE"/>
    <testcase time="0.00499999999999901" classname="rdata" name="r_data_with_cached_TRUE"/>
    <testcase time="0.00400000000000134" classname="rdata" name="r_data_with_cached_TRUE"/>
    <testcase time="0.00499999999999901" classname="rdata" name="r_data_with_cached_TRUE"/>
    <testcase time="0.00400000000000134" classname="rdata" name="r_data_with_cached_TRUE"/>
    <testcase time="0.0199999999999996" classname="rdata" name="r_data_with_cached_TRUE"/>
    <testcase time="0.144000000000002" classname="rdata" name="seed_works"/>
    <testcase time="1.156" classname="rdata" name="radsl_works_with_large_N"/>
    <testcase time="0.00799999999999912" classname="rdata" name="radsl_has_no_LSTALVDT_greater_than_DTHDT"/>
    <testcase time="3.461" classname="rdata" name="radcm_works_with_who_coding_TRUE"/>
  </testsuite>
  <testsuite name="row_values" timestamp="2025-07-31T01:44:25Z" hostname="7c393afde322" tests="42" skipped="0" failures="0" errors="0" time="11.455">
    <testcase time="0.439999999999998" classname="row_values" name="radsl_produces_expected_values"/>
    <testcase time="0.112000000000002" classname="row_values" name="radsl_produces_expected_values"/>
    <testcase time="0.369999999999997" classname="row_values" name="radae_produces_expected_values"/>
    <testcase time="0.151" classname="row_values" name="radae_produces_expected_values"/>
    <testcase time="0.341000000000001" classname="row_values" name="radaette_produces_expected_values"/>
    <testcase time="0.121000000000002" classname="row_values" name="radaette_produces_expected_values"/>
    <testcase time="0.271999999999998" classname="row_values" name="radcm_produces_expected_values"/>
    <testcase time="0.145" classname="row_values" name="radcm_produces_expected_values"/>
    <testcase time="0.176000000000002" classname="row_values" name="raddv_produces_expected_values"/>
    <testcase time="0.113" classname="row_values" name="raddv_produces_expected_values"/>
    <testcase time="0.731999999999999" classname="row_values" name="radeg_produces_expected_values"/>
    <testcase time="0.157" classname="row_values" name="radeg_produces_expected_values"/>
    <testcase time="0.654" classname="row_values" name="radex_produces_expected_values"/>
    <testcase time="0.146000000000001" classname="row_values" name="radex_produces_expected_values"/>
    <testcase time="0.274999999999999" classname="row_values" name="radhy_produces_expected_values"/>
    <testcase time="0.131" classname="row_values" name="radhy_produces_expected_values"/>
    <testcase time="0.690999999999999" classname="row_values" name="radlb_produces_expected_values"/>
    <testcase time="0.18" classname="row_values" name="radlb_produces_expected_values"/>
    <testcase time="0.295000000000002" classname="row_values" name="radmh_produces_expected_values"/>
    <testcase time="0.126000000000001" classname="row_values" name="radmh_produces_expected_values"/>
    <testcase time="0.151" classname="row_values" name="radpc_produces_expected_values"/>
    <testcase time="0.134999999999998" classname="row_values" name="radpc_produces_expected_values"/>
    <testcase time="0.137" classname="row_values" name="radab_produces_expected_values"/>
    <testcase time="0.0569999999999986" classname="row_values" name="radab_produces_expected_values"/>
    <testcase time="0.0630000000000024" classname="row_values" name="radpp_produces_expected_values"/>
    <testcase time="0.0289999999999999" classname="row_values" name="radpp_produces_expected_values"/>
    <testcase time="1.853" classname="row_values" name="radqlqc_produces_expected_values"/>
    <testcase time="0.109000000000002" classname="row_values" name="radqlqc_produces_expected_values"/>
    <testcase time="0.579000000000001" classname="row_values" name="radqs_produces_expected_values"/>
    <testcase time="0.134999999999998" classname="row_values" name="radqs_produces_expected_values"/>
    <testcase time="0.247" classname="row_values" name="radrs_produces_expected_values"/>
    <testcase time="0.117000000000001" classname="row_values" name="radrs_produces_expected_values"/>
    <testcase time="0.338000000000001" classname="row_values" name="radsaftte_produces_expected_values"/>
    <testcase time="0.120000000000001" classname="row_values" name="radsaftte_produces_expected_values"/>
    <testcase time="0.164999999999999" classname="row_values" name="radsub_produces_expected_values"/>
    <testcase time="0.116" classname="row_values" name="radsub_produces_expected_values"/>
    <testcase time="0.227" classname="row_values" name="radtr_produces_expected_values"/>
    <testcase time="0.0300000000000011" classname="row_values" name="radtr_produces_expected_values"/>
    <testcase time="0.32" classname="row_values" name="radtte_produces_expected_values"/>
    <testcase time="0.122999999999998" classname="row_values" name="radtte_produces_expected_values"/>
    <testcase time="0.619" classname="row_values" name="radvs_produces_expected_values"/>
    <testcase time="0.157000000000004" classname="row_values" name="radvs_produces_expected_values"/>
  </testsuite>
  <testsuite name="utils" timestamp="2025-07-31T01:44:36Z" hostname="7c393afde322" tests="21" skipped="0" failures="0" errors="0" time="0.227">
    <testcase time="0.0229999999999961" classname="utils" name="get_cached_data_returns_correct_error_message"/>
    <testcase time="0.00500000000000256" classname="utils" name="sample_fct_works_as_expected"/>
    <testcase time="0.00600000000000023" classname="utils" name="relvar_init_works_as_expected"/>
    <testcase time="0.00799999999999557" classname="utils" name="relvar_init_returns_correct_error_message"/>
    <testcase time="0.00600000000000023" classname="utils" name="rel_var_works_as_expected"/>
    <testcase time="0.00300000000000011" classname="utils" name="rel_var_works_as_expected"/>
    <testcase time="0.007000000000005" classname="utils" name="visit_schedule_works_with_WEEK_visit_format"/>
    <testcase time="0.00600000000000023" classname="utils" name="visit_schedule_works_with_CycLe_visit_format"/>
    <testcase time="0.104999999999997" classname="utils" name="retain_works_as_expected"/>
    <testcase time="0.00600000000000023" classname="utils" name="rcd_var_relabel_works_as_expected"/>
    <testcase time="0.00800000000000267" classname="utils" name="rcd_var_relabel_returns_correct_error_message"/>
    <testcase time="0.00600000000000023" classname="utils" name="replace_na_works_as_expected"/>
    <testcase time="0.00199999999999534" classname="utils" name="replace_na_works_as_expected"/>
    <testcase time="0.00999999999999801" classname="utils" name="mutate_na_works_as_expected"/>
    <testcase time="0.00200000000000244" classname="utils" name="mutate_na_works_as_expected"/>
    <testcase time="0.00300000000000011" classname="utils" name="mutate_na_works_as_expected"/>
    <testcase time="0.00300000000000011" classname="utils" name="mutate_na_works_as_expected"/>
    <testcase time="0.00500000000000256" classname="utils" name="rtpois_works_as_expected"/>
    <testcase time="0.0069999999999979" classname="utils" name="rtexp_works_as_expected"/>
    <testcase time="0.00300000000000011" classname="utils" name="rtexp_works_as_expected"/>
    <testcase time="0.00300000000000011" classname="utils" name="rtexp_works_as_expected"/>
  </testsuite>
</testsuites>
